<?xml version="1.0" encoding="UTF-8"?>
<!-- Generated by org.testng.reporters.JUnitXMLReporter -->
<testsuite ignored="0" hostname="LAPTOP-QMGLBV1S" failures="0" tests="3" name="Default test" time="920.664" errors="0" timestamp="11 Feb 2022 16:14:33 GMT">
  <testcase classname="automatation.testcases.CovidSafePuneTest" name="SearchOption" time="0.162"/>
  <testcase classname="automatation.testcases.CovidSafePuneTest" name="PageLoad" time="94.697"/>
  <testcase classname="automatation.testcases.CovidSafePuneTest" name="FullDataLoop" time="821.409"/>
</testsuite> <!-- Default test -->
