<?xml version="1.0" encoding="UTF-8"?>
<testng-results ignored="0" total="4" passed="3" failed="1" skipped="0">
  <reporter-output>
  </reporter-output>
  <suite started-at="2022-02-04T01:04:39Z" name="Default suite" finished-at="2022-02-04T01:09:58Z" duration-ms="318381">
    <groups>
    </groups>
    <test started-at="2022-02-04T01:04:39Z" name="Default test" finished-at="2022-02-04T01:09:58Z" duration-ms="318381">
      <class name="automatation.testcases.CovidSafePuneTest">
        <test-method is-config="true" signature="readConfig()[pri:0, instance:automatation.testcases.CovidSafePuneTest@44c73c26]" started-at="2022-02-04T01:04:39Z" name="readConfig" finished-at="2022-02-04T01:04:39Z" duration-ms="10" status="PASS">
          <reporter-output>
          </reporter-output>
        </test-method> <!-- readConfig -->
        <test-method is-config="true" signature="Setup()[pri:0, instance:automatation.testcases.CovidSafePuneTest@44c73c26]" started-at="2022-02-04T01:04:39Z" name="Setup" finished-at="2022-02-04T01:04:43Z" depends-on-methods="BaseClass.BaseClass.readConfig" duration-ms="3726" status="PASS">
          <reporter-output>
          </reporter-output>
        </test-method> <!-- Setup -->
        <test-method signature="SearchOption()[pri:1, instance:automatation.testcases.CovidSafePuneTest@44c73c26]" started-at="2022-02-04T01:04:43Z" name="SearchOption" finished-at="2022-02-04T01:04:45Z" duration-ms="2186" status="PASS">
          <reporter-output>
          </reporter-output>
        </test-method> <!-- SearchOption -->
        <test-method signature="PageLoad()[pri:2, instance:automatation.testcases.CovidSafePuneTest@44c73c26]" started-at="2022-02-04T01:04:45Z" name="PageLoad" finished-at="2022-02-04T01:06:20Z" duration-ms="94852" status="PASS">
          <reporter-output>
          </reporter-output>
        </test-method> <!-- PageLoad -->
        <test-method signature="getData()[pri:3, instance:automatation.testcases.CovidSafePuneTest@44c73c26]" started-at="2022-02-04T01:06:20Z" name="getData" finished-at="2022-02-04T01:09:43Z" duration-ms="203126" status="PASS">
          <reporter-output>
          </reporter-output>
        </test-method> <!-- getData -->
        <test-method signature="TrialLoop()[pri:4, instance:automatation.testcases.CovidSafePuneTest@44c73c26]" started-at="2022-02-04T01:09:43Z" name="TrialLoop" finished-at="2022-02-04T01:09:57Z" duration-ms="13649" status="FAIL">
          <exception class="org.openqa.selenium.ElementClickInterceptedException">
            <message>
              <![CDATA[element click intercepted: Element <svg xmlns="http://www.w3.org/2000/svg" viewBox="0 0 16 16" width="22" height="22" fill="currentColor">...</svg> is not clickable at point (102, 168). Other element would receive the click: <td>...</td>
  (Session info: chrome=98.0.4758.82)
Build info: version: '4.1.1', revision: 'e8fcc2cecf'
System info: host: 'LAPTOP-QMGLBV1S', ip: '192.168.0.11', os.name: 'Windows 10', os.arch: 'amd64', os.version: '10.0', java.version: '11.0.12'
Driver info: org.openqa.selenium.chrome.ChromeDriver
Command: [ee353bd4945d1c6cd9cca39a5d6fdc73, clickElement {id=e74bb191-0d9b-4d66-94dd-4df928ef4869}]
Capabilities {acceptInsecureCerts: false, browserName: chrome, browserVersion: 98.0.4758.82, chrome: {chromedriverVersion: 98.0.4758.48 (d869ab3eda606..., userDataDir: C:\Users\saura\AppData\Loca...}, goog:chromeOptions: {debuggerAddress: localhost:51658}, javascriptEnabled: true, networkConnectionEnabled: false, pageLoadStrategy: normal, platform: WINDOWS, platformName: WINDOWS, proxy: Proxy(), se:cdp: ws://localhost:51658/devtoo..., se:cdpVersion: 98.0.4758.82, setWindowRect: true, strictFileInteractability: false, timeouts: {implicit: 0, pageLoad: 300000, script: 30000}, unhandledPromptBehavior: dismiss and notify, webauthn:extension:credBlob: true, webauthn:extension:largeBlob: true, webauthn:virtualAuthenticators: true}
Element: [[ChromeDriver: chrome on WINDOWS (ee353bd4945d1c6cd9cca39a5d6fdc73)] -> xpath: //tbody//tr[5]//td[1]//div[1]//button[1]/*[1]]
Session ID: ee353bd4945d1c6cd9cca39a5d6fdc73]]>
            </message>
            <full-stacktrace>
              <![CDATA[org.openqa.selenium.ElementClickInterceptedException: element click intercepted: Element <svg xmlns="http://www.w3.org/2000/svg" viewBox="0 0 16 16" width="22" height="22" fill="currentColor">...</svg> is not clickable at point (102, 168). Other element would receive the click: <td>...</td>
  (Session info: chrome=98.0.4758.82)
Build info: version: '4.1.1', revision: 'e8fcc2cecf'
System info: host: 'LAPTOP-QMGLBV1S', ip: '192.168.0.11', os.name: 'Windows 10', os.arch: 'amd64', os.version: '10.0', java.version: '11.0.12'
Driver info: org.openqa.selenium.chrome.ChromeDriver
Command: [ee353bd4945d1c6cd9cca39a5d6fdc73, clickElement {id=e74bb191-0d9b-4d66-94dd-4df928ef4869}]
Capabilities {acceptInsecureCerts: false, browserName: chrome, browserVersion: 98.0.4758.82, chrome: {chromedriverVersion: 98.0.4758.48 (d869ab3eda606..., userDataDir: C:\Users\saura\AppData\Loca...}, goog:chromeOptions: {debuggerAddress: localhost:51658}, javascriptEnabled: true, networkConnectionEnabled: false, pageLoadStrategy: normal, platform: WINDOWS, platformName: WINDOWS, proxy: Proxy(), se:cdp: ws://localhost:51658/devtoo..., se:cdpVersion: 98.0.4758.82, setWindowRect: true, strictFileInteractability: false, timeouts: {implicit: 0, pageLoad: 300000, script: 30000}, unhandledPromptBehavior: dismiss and notify, webauthn:extension:credBlob: true, webauthn:extension:largeBlob: true, webauthn:virtualAuthenticators: true}
Element: [[ChromeDriver: chrome on WINDOWS (ee353bd4945d1c6cd9cca39a5d6fdc73)] -> xpath: //tbody//tr[5]//td[1]//div[1]//button[1]/*[1]]
Session ID: ee353bd4945d1c6cd9cca39a5d6fdc73
at java.base/jdk.internal.reflect.NativeConstructorAccessorImpl.newInstance0(Native Method)
at java.base/jdk.internal.reflect.NativeConstructorAccessorImpl.newInstance(NativeConstructorAccessorImpl.java:62)
at java.base/jdk.internal.reflect.DelegatingConstructorAccessorImpl.newInstance(DelegatingConstructorAccessorImpl.java:45)
at java.base/java.lang.reflect.Constructor.newInstance(Constructor.java:490)
at org.openqa.selenium.remote.codec.w3c.W3CHttpResponseCodec.createException(W3CHttpResponseCodec.java:200)
at org.openqa.selenium.remote.codec.w3c.W3CHttpResponseCodec.decode(W3CHttpResponseCodec.java:133)
at org.openqa.selenium.remote.codec.w3c.W3CHttpResponseCodec.decode(W3CHttpResponseCodec.java:53)
at org.openqa.selenium.remote.HttpCommandExecutor.execute(HttpCommandExecutor.java:184)
at org.openqa.selenium.remote.service.DriverCommandExecutor.invokeExecute(DriverCommandExecutor.java:167)
at org.openqa.selenium.remote.service.DriverCommandExecutor.execute(DriverCommandExecutor.java:142)
at org.openqa.selenium.remote.RemoteWebDriver.execute(RemoteWebDriver.java:543)
at org.openqa.selenium.remote.RemoteWebElement.execute(RemoteWebElement.java:251)
at org.openqa.selenium.remote.RemoteWebElement.click(RemoteWebElement.java:77)
at automation.pages.CovidSafePunePage.TrialLoop(CovidSafePunePage.java:102)
at automatation.testcases.CovidSafePuneTest.TrialLoop(CovidSafePuneTest.java:48)
at java.base/jdk.internal.reflect.NativeMethodAccessorImpl.invoke0(Native Method)
at java.base/jdk.internal.reflect.NativeMethodAccessorImpl.invoke(NativeMethodAccessorImpl.java:62)
at java.base/jdk.internal.reflect.DelegatingMethodAccessorImpl.invoke(DelegatingMethodAccessorImpl.java:43)
at java.base/java.lang.reflect.Method.invoke(Method.java:566)
at org.testng.internal.MethodInvocationHelper.invokeMethod(MethodInvocationHelper.java:124)
at org.testng.internal.Invoker.invokeMethod(Invoker.java:583)
at org.testng.internal.Invoker.invokeTestMethod(Invoker.java:719)
at org.testng.internal.Invoker.invokeTestMethods(Invoker.java:989)
at org.testng.internal.TestMethodWorker.invokeTestMethods(TestMethodWorker.java:125)
at org.testng.internal.TestMethodWorker.run(TestMethodWorker.java:109)
at org.testng.TestRunner.privateRun(TestRunner.java:648)
at org.testng.TestRunner.run(TestRunner.java:505)
at org.testng.SuiteRunner.runTest(SuiteRunner.java:455)
at org.testng.SuiteRunner.runSequentially(SuiteRunner.java:450)
at org.testng.SuiteRunner.privateRun(SuiteRunner.java:415)
at org.testng.SuiteRunner.run(SuiteRunner.java:364)
at org.testng.SuiteRunnerWorker.runSuite(SuiteRunnerWorker.java:52)
at org.testng.SuiteRunnerWorker.run(SuiteRunnerWorker.java:84)
at org.testng.TestNG.runSuitesSequentially(TestNG.java:1208)
at org.testng.TestNG.runSuitesLocally(TestNG.java:1137)
at org.testng.TestNG.runSuites(TestNG.java:1049)
at org.testng.TestNG.run(TestNG.java:1017)
at org.testng.remote.AbstractRemoteTestNG.run(AbstractRemoteTestNG.java:115)
at org.testng.remote.RemoteTestNG.initAndRun(RemoteTestNG.java:251)
at org.testng.remote.RemoteTestNG.main(RemoteTestNG.java:77)
]]>
            </full-stacktrace>
          </exception> <!-- org.openqa.selenium.ElementClickInterceptedException -->
          <reporter-output>
          </reporter-output>
        </test-method> <!-- TrialLoop -->
        <test-method is-config="true" signature="teardown()[pri:0, instance:automatation.testcases.CovidSafePuneTest@44c73c26]" started-at="2022-02-04T01:09:57Z" name="teardown" finished-at="2022-02-04T01:09:58Z" duration-ms="796" status="PASS">
          <reporter-output>
          </reporter-output>
        </test-method> <!-- teardown -->
      </class> <!-- automatation.testcases.CovidSafePuneTest -->
    </test> <!-- Default test -->
  </suite> <!-- Default suite -->
</testng-results>
