<?xml version="1.0" encoding="UTF-8"?>
<testng-results ignored="0" total="3" passed="3" failed="0" skipped="0">
  <reporter-output>
  </reporter-output>
  <suite started-at="2022-02-11T15:59:12Z" name="Default suite" finished-at="2022-02-11T16:14:33Z" duration-ms="920664">
    <groups>
    </groups>
    <test started-at="2022-02-11T15:59:12Z" name="Default test" finished-at="2022-02-11T16:14:33Z" duration-ms="920664">
      <class name="automatation.testcases.CovidSafePuneTest">
        <test-method is-config="true" signature="readConfig()[pri:0, instance:automatation.testcases.CovidSafePuneTest@41005828]" started-at="2022-02-11T15:59:12Z" name="readConfig" finished-at="2022-02-11T15:59:12Z" duration-ms="8" status="PASS">
          <reporter-output>
          </reporter-output>
        </test-method> <!-- readConfig -->
        <test-method is-config="true" signature="Setup()[pri:0, instance:automatation.testcases.CovidSafePuneTest@41005828]" started-at="2022-02-11T15:59:12Z" name="Setup" finished-at="2022-02-11T15:59:16Z" depends-on-methods="BaseClass.BaseClass.readConfig" duration-ms="3671" status="PASS">
          <reporter-output>
          </reporter-output>
        </test-method> <!-- Setup -->
        <test-method signature="SearchOption()[pri:1, instance:automatation.testcases.CovidSafePuneTest@41005828]" started-at="2022-02-11T15:59:16Z" name="SearchOption" finished-at="2022-02-11T15:59:16Z" duration-ms="162" status="PASS">
          <reporter-output>
          </reporter-output>
        </test-method> <!-- SearchOption -->
        <test-method signature="PageLoad()[pri:2, instance:automatation.testcases.CovidSafePuneTest@41005828]" started-at="2022-02-11T15:59:16Z" name="PageLoad" finished-at="2022-02-11T16:00:51Z" duration-ms="94697" status="PASS">
          <reporter-output>
          </reporter-output>
        </test-method> <!-- PageLoad -->
        <test-method signature="FullDataLoop()[pri:3, instance:automatation.testcases.CovidSafePuneTest@41005828]" started-at="2022-02-11T16:00:51Z" name="FullDataLoop" finished-at="2022-02-11T16:14:32Z" duration-ms="821409" status="PASS">
          <reporter-output>
          </reporter-output>
        </test-method> <!-- FullDataLoop -->
        <test-method is-config="true" signature="teardown()[pri:0, instance:automatation.testcases.CovidSafePuneTest@41005828]" started-at="2022-02-11T16:14:32Z" name="teardown" finished-at="2022-02-11T16:14:33Z" duration-ms="688" status="PASS">
          <reporter-output>
          </reporter-output>
        </test-method> <!-- teardown -->
      </class> <!-- automatation.testcases.CovidSafePuneTest -->
    </test> <!-- Default test -->
  </suite> <!-- Default suite -->
</testng-results>
